<?xml version="1.0" encoding="UTF-8"?>
<!-- Generated by org.testng.reporters.JUnitReportReporter -->
<testsuite hostname="LAPTOP-AS87P1JV" failures="0" tests="2" name="org.Tests" time="4.197" errors="0" timestamp="2022-02-17T20:43:28 IST" skipped="0">
  <testcase classname="org.Tests" name="tests" time="2.018"/>
  <system-out/>
  <testcase classname="org.Tests" name="googleInput" time="2.179"/>
  <system-out/>
</testsuite> <!-- org.Tests -->
